Traceback (most recent call last):
  File "/Users/moh/micromamba/envs/mom1env/lib/python3.8/site-packages/jupyter_cache/executors/utils.py", line 58, in single_nb_execution
    executenb(
  File "/Users/moh/micromamba/envs/mom1env/lib/python3.8/site-packages/nbclient/client.py", line 1305, in execute
    return NotebookClient(nb=nb, resources=resources, km=km, **kwargs).execute()
  File "/Users/moh/micromamba/envs/mom1env/lib/python3.8/site-packages/jupyter_core/utils/__init__.py", line 166, in wrapped
    return loop.run_until_complete(inner)
  File "/Users/moh/micromamba/envs/mom1env/lib/python3.8/asyncio/base_events.py", line 616, in run_until_complete
    return future.result()
  File "/Users/moh/micromamba/envs/mom1env/lib/python3.8/site-packages/nbclient/client.py", line 705, in async_execute
    await self.async_execute_cell(
  File "/Users/moh/micromamba/envs/mom1env/lib/python3.8/site-packages/nbclient/client.py", line 1058, in async_execute_cell
    await self._check_raise_for_error(cell, cell_index, exec_reply)
  File "/Users/moh/micromamba/envs/mom1env/lib/python3.8/site-packages/nbclient/client.py", line 914, in _check_raise_for_error
    raise CellExecutionError.from_cell_and_msg(cell, exec_reply_content)
nbclient.exceptions.CellExecutionError: An error occurred while executing the following cell:
------------------
def remove(string): 
    return string.replace(" ", "")

dict = {'a': '1', 
    'b': '2',
    'c': '3',
    'd': '4',
    'e': '5',
    'f': '6',
    'g': '7',
    'h': '8',
    'i': '9',
    'j': '10',
    'k': '11',
    'l': '12',
    'm': '13',
    'n': '14',
    'o': '15',
    'p': '16',
    'q': '17',
    'r': '18',
    's': '19',
    't': '20',
    'u': '21',
    'v': '22',
    'w': '23',
    'x': '24',
    'y': '25',
    'z': '26',
}

word = remove(input(''))

for x in word:
    print(dict[x])
------------------


[0;31m---------------------------------------------------------------------------[0m
[0;31mStdinNotImplementedError[0m                  Traceback (most recent call last)
Cell [0;32mIn[9], line 32[0m
[1;32m      2[0m     [38;5;28;01mreturn[39;00m string[38;5;241m.[39mreplace([38;5;124m"[39m[38;5;124m [39m[38;5;124m"[39m, [38;5;124m"[39m[38;5;124m"[39m)
[1;32m      4[0m [38;5;28mdict[39m [38;5;241m=[39m {[38;5;124m'[39m[38;5;124ma[39m[38;5;124m'[39m: [38;5;124m'[39m[38;5;124m1[39m[38;5;124m'[39m, 
[1;32m      5[0m     [38;5;124m'[39m[38;5;124mb[39m[38;5;124m'[39m: [38;5;124m'[39m[38;5;124m2[39m[38;5;124m'[39m,
[1;32m      6[0m     [38;5;124m'[39m[38;5;124mc[39m[38;5;124m'[39m: [38;5;124m'[39m[38;5;124m3[39m[38;5;124m'[39m,
[0;32m   (...)[0m
[1;32m     29[0m     [38;5;124m'[39m[38;5;124mz[39m[38;5;124m'[39m: [38;5;124m'[39m[38;5;124m26[39m[38;5;124m'[39m,
[1;32m     30[0m }
[0;32m---> 32[0m word [38;5;241m=[39m remove([38;5;28;43minput[39;49m[43m([49m[38;5;124;43m'[39;49m[38;5;124;43m'[39;49m[43m)[49m)
[1;32m     34[0m [38;5;28;01mfor[39;00m x [38;5;129;01min[39;00m word:
[1;32m     35[0m     [38;5;28mprint[39m([38;5;28mdict[39m[x])

File [0;32m~/micromamba/envs/mom1env/lib/python3.8/site-packages/ipykernel/kernelbase.py:1190[0m, in [0;36mKernel.raw_input[0;34m(self, prompt)[0m
[1;32m   1188[0m [38;5;28;01mif[39;00m [38;5;129;01mnot[39;00m [38;5;28mself[39m[38;5;241m.[39m_allow_stdin:
[1;32m   1189[0m     msg [38;5;241m=[39m [38;5;124m"[39m[38;5;124mraw_input was called, but this frontend does not support input requests.[39m[38;5;124m"[39m
[0;32m-> 1190[0m     [38;5;28;01mraise[39;00m StdinNotImplementedError(msg)
[1;32m   1191[0m [38;5;28;01mreturn[39;00m [38;5;28mself[39m[38;5;241m.[39m_input_request(
[1;32m   1192[0m     [38;5;28mstr[39m(prompt),
[1;32m   1193[0m     [38;5;28mself[39m[38;5;241m.[39m_parent_ident[[38;5;124m"[39m[38;5;124mshell[39m[38;5;124m"[39m],
[1;32m   1194[0m     [38;5;28mself[39m[38;5;241m.[39mget_parent([38;5;124m"[39m[38;5;124mshell[39m[38;5;124m"[39m),
[1;32m   1195[0m     password[38;5;241m=[39m[38;5;28;01mFalse[39;00m,
[1;32m   1196[0m )

[0;31mStdinNotImplementedError[0m: raw_input was called, but this frontend does not support input requests.

