Traceback (most recent call last):
  File "/Users/moh/micromamba/envs/mom1env/lib/python3.8/site-packages/jupyter_cache/executors/utils.py", line 58, in single_nb_execution
    executenb(
  File "/Users/moh/micromamba/envs/mom1env/lib/python3.8/site-packages/nbclient/client.py", line 1305, in execute
    return NotebookClient(nb=nb, resources=resources, km=km, **kwargs).execute()
  File "/Users/moh/micromamba/envs/mom1env/lib/python3.8/site-packages/jupyter_core/utils/__init__.py", line 166, in wrapped
    return loop.run_until_complete(inner)
  File "/Users/moh/micromamba/envs/mom1env/lib/python3.8/asyncio/base_events.py", line 616, in run_until_complete
    return future.result()
  File "/Users/moh/micromamba/envs/mom1env/lib/python3.8/site-packages/nbclient/client.py", line 705, in async_execute
    await self.async_execute_cell(
  File "/Users/moh/micromamba/envs/mom1env/lib/python3.8/site-packages/nbclient/client.py", line 1058, in async_execute_cell
    await self._check_raise_for_error(cell, cell_index, exec_reply)
  File "/Users/moh/micromamba/envs/mom1env/lib/python3.8/site-packages/nbclient/client.py", line 914, in _check_raise_for_error
    raise CellExecutionError.from_cell_and_msg(cell, exec_reply_content)
nbclient.exceptions.CellExecutionError: An error occurred while executing the following cell:
------------------
from qiskit import QuantumCircuit, ClassicalRegister, QuantumRegister
from qiskit import execute
from qiskit import BasicAer as Aer
from qiskit.tools.visualization import plot_histogram

backend = Aer.get_backend('qasm_simulator')
q = QuantumRegister(1)
c = ClassicalRegister(1)
circuit = QuantumCircuit(q, c)
circuit.h(q[0])
circuit.measure(q, c)
job = execute(circuit, backend, shots=100)
plot_histogram(job.result().get_counts(circuit))
------------------


[0;31m---------------------------------------------------------------------------[0m
[0;31mMissingOptionalLibraryError[0m               Traceback (most recent call last)
Cell [0;32mIn[7], line 13[0m
[1;32m     11[0m circuit[38;5;241m.[39mmeasure(q, c)
[1;32m     12[0m job [38;5;241m=[39m execute(circuit, backend, shots[38;5;241m=[39m[38;5;241m100[39m)
[0;32m---> 13[0m [43mplot_histogram[49m[43m([49m[43mjob[49m[38;5;241;43m.[39;49m[43mresult[49m[43m([49m[43m)[49m[38;5;241;43m.[39;49m[43mget_counts[49m[43m([49m[43mcircuit[49m[43m)[49m[43m)[49m

File [0;32m~/micromamba/envs/mom1env/lib/python3.8/site-packages/qiskit/utils/deprecation.py:182[0m, in [0;36mdeprecate_arg.<locals>.decorator.<locals>.wrapper[0;34m(*args, **kwargs)[0m
[1;32m    169[0m [38;5;129m@functools[39m[38;5;241m.[39mwraps(func)
[1;32m    170[0m [38;5;28;01mdef[39;00m [38;5;21mwrapper[39m([38;5;241m*[39margs, [38;5;241m*[39m[38;5;241m*[39mkwargs):
[1;32m    171[0m     _maybe_warn_and_rename_kwarg(
[1;32m    172[0m         args,
[1;32m    173[0m         kwargs,
[0;32m   (...)[0m
[1;32m    180[0m         predicate[38;5;241m=[39mpredicate,
[1;32m    181[0m     )
[0;32m--> 182[0m     [38;5;28;01mreturn[39;00m [43mfunc[49m[43m([49m[38;5;241;43m*[39;49m[43margs[49m[43m,[49m[43m [49m[38;5;241;43m*[39;49m[38;5;241;43m*[39;49m[43mkwargs[49m[43m)[49m

File [0;32m~/micromamba/envs/mom1env/lib/python3.8/site-packages/qiskit/visualization/counts_visualization.py:160[0m, in [0;36mplot_histogram[0;34m(data, figsize, color, number_to_keep, sort, target_string, legend, bar_labels, title, ax, filename)[0m
[1;32m    156[0m     [38;5;28;01mif[39;00m [38;5;28misinstance[39m(dat, (QuasiDistribution, ProbDistribution)) [38;5;129;01mor[39;00m [38;5;28misinstance[39m(
[1;32m    157[0m         [38;5;28mnext[39m([38;5;28miter[39m(dat[38;5;241m.[39mvalues())), [38;5;28mfloat[39m
[1;32m    158[0m     ):
[1;32m    159[0m         kind [38;5;241m=[39m [38;5;124m"[39m[38;5;124mdistribution[39m[38;5;124m"[39m
[0;32m--> 160[0m [38;5;28;01mreturn[39;00m [43m_plotting_core[49m[43m([49m
[1;32m    161[0m [43m    [49m[43mdata[49m[43m,[49m
[1;32m    162[0m [43m    [49m[43mfigsize[49m[43m,[49m
[1;32m    163[0m [43m    [49m[43mcolor[49m[43m,[49m
[1;32m    164[0m [43m    [49m[43mnumber_to_keep[49m[43m,[49m
[1;32m    165[0m [43m    [49m[43msort[49m[43m,[49m
[1;32m    166[0m [43m    [49m[43mtarget_string[49m[43m,[49m
[1;32m    167[0m [43m    [49m[43mlegend[49m[43m,[49m
[1;32m    168[0m [43m    [49m[43mbar_labels[49m[43m,[49m
[1;32m    169[0m [43m    [49m[43mtitle[49m[43m,[49m
[1;32m    170[0m [43m    [49m[43max[49m[43m,[49m
[1;32m    171[0m [43m    [49m[43mfilename[49m[43m,[49m
[1;32m    172[0m [43m    [49m[43mkind[49m[38;5;241;43m=[39;49m[43mkind[49m[43m,[49m
[1;32m    173[0m [43m[49m[43m)[49m

File [0;32m~/micromamba/envs/mom1env/lib/python3.8/site-packages/qiskit/utils/lazy_tester.py:164[0m, in [0;36mLazyDependencyManager.require_in_call.<locals>.out[0;34m(*args, **kwargs)[0m
[1;32m    162[0m [38;5;129m@functools[39m[38;5;241m.[39mwraps(function)
[1;32m    163[0m [38;5;28;01mdef[39;00m [38;5;21mout[39m([38;5;241m*[39margs, [38;5;241m*[39m[38;5;241m*[39mkwargs):
[0;32m--> 164[0m     [38;5;28;43mself[39;49m[38;5;241;43m.[39;49m[43mrequire_now[49m[43m([49m[43mfeature[49m[43m)[49m
[1;32m    165[0m     [38;5;28;01mreturn[39;00m function([38;5;241m*[39margs, [38;5;241m*[39m[38;5;241m*[39mkwargs)

File [0;32m~/micromamba/envs/mom1env/lib/python3.8/site-packages/qiskit/utils/lazy_tester.py:223[0m, in [0;36mLazyDependencyManager.require_now[0;34m(self, feature)[0m
[1;32m    221[0m [38;5;28;01mif[39;00m [38;5;28mself[39m:
[1;32m    222[0m     [38;5;28;01mreturn[39;00m
[0;32m--> 223[0m [38;5;28;01mraise[39;00m MissingOptionalLibraryError(
[1;32m    224[0m     libname[38;5;241m=[39m[38;5;28mself[39m[38;5;241m.[39m_name, name[38;5;241m=[39mfeature, pip_install[38;5;241m=[39m[38;5;28mself[39m[38;5;241m.[39m_install, msg[38;5;241m=[39m[38;5;28mself[39m[38;5;241m.[39m_msg
[1;32m    225[0m )

[0;31mMissingOptionalLibraryError[0m: "The 'matplotlib' library is required to use '_plotting_core'. You can install it with 'pip install matplotlib'."

